TN:
SF:src\service\ShortenerService.ts
FN:7,(anonymous_8)
FN:7,(anonymous_9)
FN:30,(anonymous_10)
FN:39,(anonymous_12)
FN:39,(anonymous_13)
FNF:5
FNH:5
FNDA:3,(anonymous_8)
FNDA:3,(anonymous_9)
FNDA:2,(anonymous_10)
FNDA:2,(anonymous_12)
FNDA:2,(anonymous_13)
DA:2,1
DA:3,1
DA:4,1
DA:7,3
DA:8,3
DA:9,3
DA:11,3
DA:12,2
DA:13,2
DA:14,1
DA:18,2
DA:25,2
DA:27,2
DA:31,2
DA:32,2
DA:33,1
DA:36,1
DA:39,2
DA:40,2
DA:41,1
DA:44,1
DA:45,1
DA:49,1
LF:23
LH:23
BRDA:9,0,0,1
BRDA:9,0,1,2
BRDA:11,1,0,2
BRDA:11,1,1,1
BRDA:13,2,0,1
BRDA:13,2,1,1
BRDA:32,3,0,1
BRDA:32,3,1,1
BRDA:40,4,0,1
BRDA:40,4,1,1
BRDA:40,5,0,2
BRDA:40,5,1,2
BRF:12
BRH:12
end_of_record
TN:
SF:src\service\SumService.ts
FN:1,Sum
FN:5,Division
FNF:2
FNH:2
FNDA:1,Sum
FNDA:2,Division
DA:1,1
DA:2,1
DA:5,1
DA:6,2
DA:7,1
DA:10,1
LF:6
LH:6
BRDA:6,0,0,1
BRDA:6,0,1,1
BRF:2
BRH:2
end_of_record
